1609068986819	mozrunner::runner	INFO	Running command: "/usr/bin/firefox" "-marionette" "-headless" "-foreground" "-no-remote" "-profile" "/tmp/rust_mozprofileKfDK5d"
*** You are running in headless mode.
console.error: SearchCache: "_readCacheFile: Error reading cache file:" (new Error("", "(unknown module)"))
1609068992457	Marionette	INFO	Listening on port 38167
1609068992550	Marionette	WARN	TLS certificate errors will be ignored for this session
1609069018117	mozrunner::runner	INFO	Running command: "/usr/bin/firefox" "-marionette" "-headless" "-foreground" "-no-remote" "-profile" "/tmp/rust_mozprofilepgpN0f"
*** You are running in headless mode.
console.error: SearchCache: "_readCacheFile: Error reading cache file:" (new Error("", "(unknown module)"))
1609069029580	Marionette	INFO	Listening on port 41061
1609069029666	Marionette	WARN	TLS certificate errors will be ignored for this session
1609069100124	mozrunner::runner	INFO	Running command: "/usr/bin/firefox" "-marionette" "-headless" "-foreground" "-no-remote" "-profile" "/tmp/rust_mozprofilevioDLp"
*** You are running in headless mode.
console.error: SearchCache: "_readCacheFile: Error reading cache file:" (new Error("", "(unknown module)"))
1609069110738	Marionette	INFO	Listening on port 35161
1609069110791	Marionette	WARN	TLS certificate errors will be ignored for this session
1609072030297	mozrunner::runner	INFO	Running command: "/usr/bin/firefox" "-marionette" "-headless" "-foreground" "-no-remote" "-profile" "/tmp/rust_mozprofileXspoyq"
*** You are running in headless mode.
console.error: SearchCache: "_readCacheFile: Error reading cache file:" (new Error("", "(unknown module)"))
1609072041512	Marionette	INFO	Listening on port 33593
1609072041569	Marionette	WARN	TLS certificate errors will be ignored for this session
1609072153875	mozrunner::runner	INFO	Running command: "/usr/bin/firefox" "-marionette" "-headless" "-foreground" "-no-remote" "-profile" "/tmp/rust_mozprofile2r3yhT"
*** You are running in headless mode.
console.error: SearchCache: "_readCacheFile: Error reading cache file:" (new Error("", "(unknown module)"))
1609072162447	Marionette	INFO	Listening on port 34659
1609072162525	Marionette	WARN	TLS certificate errors will be ignored for this session
1609072285881	mozrunner::runner	INFO	Running command: "/usr/bin/firefox" "-marionette" "-headless" "-foreground" "-no-remote" "-profile" "/tmp/rust_mozprofiledfcCGe"
*** You are running in headless mode.
console.error: SearchCache: "_readCacheFile: Error reading cache file:" (new Error("", "(unknown module)"))
1609072311063	Marionette	INFO	Listening on port 39757
1609072311099	Marionette	WARN	TLS certificate errors will be ignored for this session
1609073532544	mozrunner::runner	INFO	Running command: "/usr/bin/firefox" "-marionette" "-headless" "-foreground" "-no-remote" "-profile" "/tmp/rust_mozprofilej3OOoS"
*** You are running in headless mode.
console.error: SearchCache: "_readCacheFile: Error reading cache file:" (new Error("", "(unknown module)"))
1609073538426	Marionette	INFO	Listening on port 41307
1609073538482	Marionette	WARN	TLS certificate errors will be ignored for this session
Exiting due to channel error.
Exiting due to channel error.
Exiting due to channel error.
1609073645339	mozrunner::runner	INFO	Running command: "/usr/bin/firefox" "-marionette" "-headless" "-foreground" "-no-remote" "-profile" "/tmp/rust_mozprofile2z6Jnq"
*** You are running in headless mode.
console.error: SearchCache: "_readCacheFile: Error reading cache file:" (new Error("", "(unknown module)"))
1609073653429	Marionette	INFO	Listening on port 36489
1609073653495	Marionette	WARN	TLS certificate errors will be ignored for this session
